Detecting CXX compiler ABI info failed to compile with the following output:
Change Dir: /Users/apaget/Documents/HumanGL++/CMakeFiles/CMakeTmp

Run Build Command:"/usr/bin/make" "cmTC_39db4/fast"
/Applications/Xcode.app/Contents/Developer/usr/bin/make -f CMakeFiles/cmTC_39db4.dir/build.make CMakeFiles/cmTC_39db4.dir/build
Building CXX object CMakeFiles/cmTC_39db4.dir/CMakeCXXCompilerABI.cpp.o
/Applications/Xcode.app/Contents/Developer/Toolchains/XcodeDefault.xctoolchain/usr/bin/c++     -o CMakeFiles/cmTC_39db4.dir/CMakeCXXCompilerABI.cpp.o -c /Users/apaget/.brew/Cellar/cmake/3.10.2/share/cmake/Modules/CMakeCXXCompilerABI.cpp
Linking CXX executable cmTC_39db4
/Users/apaget/.brew/Cellar/cmake/3.10.2/bin/cmake -E cmake_link_script CMakeFiles/cmTC_39db4.dir/link.txt --verbose=1
/Applications/Xcode.app/Contents/Developer/Toolchains/XcodeDefault.xctoolchain/usr/bin/c++    -Wl,-search_paths_first -Wl,-headerpad_max_install_names  -v -Wl,-v CMakeFiles/cmTC_39db4.dir/CMakeCXXCompilerABI.cpp.o  -o cmTC_39db4 
Apple LLVM version 9.0.0 (clang-900.0.39.2)
Target: x86_64-apple-darwin16.7.0
Thread model: posix
InstalledDir: /Applications/Xcode.app/Contents/Developer/Toolchains/XcodeDefault.xctoolchain/usr/bin
 "/Applications/Xcode.app/Contents/Developer/Toolchains/XcodeDefault.xctoolchain/usr/bin/ld" -demangle -lto_library /Applications/Xcode.app/Contents/Developer/Toolchains/XcodeDefault.xctoolchain/usr/lib/libLTO.dylib -dynamic -arch x86_64 -macosx_version_min 10.12.0 -o cmTC_39db4 -search_paths_first -headerpad_max_install_names -v CMakeFiles/cmTC_39db4.dir/CMakeCXXCompilerABI.cpp.o -lc++ -lSystem /Applications/Xcode.app/Contents/Developer/Toolchains/XcodeDefault.xctoolchain/usr/lib/clang/9.0.0/lib/darwin/libclang_rt.osx.a
@(#)PROGRAM:ld  PROJECT:ld64-305
configured to support archs: armv6 armv7 armv7s arm64 i386 x86_64 x86_64h armv6m armv7k armv7m armv7em (tvOS)
Library search paths:
	/usr/lib
	/usr/local/lib
Framework search paths:
	/Library/Frameworks/
	/System/Library/Frameworks/

Cannot copy output executable
  '/Users/apaget/Documents/HumanGL++/CMakeFiles/CMakeTmp/cmTC_39db4'
to destination specified by COPY_FILE:
  '/Users/apaget/Documents/HumanGL++/CMakeFiles/3.10.2/CMakeDetermineCompilerABI_CXX.bin'


Detecting CXX [-std=c++1z] compiler features failed to compile with the following output:
Change Dir: /Users/apaget/Documents/HumanGL++/CMakeFiles/CMakeTmp

Run Build Command:"/usr/bin/make" "cmTC_ab966/fast"
/Applications/Xcode.app/Contents/Developer/usr/bin/make -f CMakeFiles/cmTC_ab966.dir/build.make CMakeFiles/cmTC_ab966.dir/build
Building CXX object CMakeFiles/cmTC_ab966.dir/feature_tests.cxx.o
/Applications/Xcode.app/Contents/Developer/Toolchains/XcodeDefault.xctoolchain/usr/bin/c++    -std=c++1z -o CMakeFiles/cmTC_ab966.dir/feature_tests.cxx.o -c /Users/apaget/Documents/HumanGL++/CMakeFiles/feature_tests.cxx
Linking CXX executable cmTC_ab966
/Users/apaget/.brew/Cellar/cmake/3.10.2/bin/cmake -E cmake_link_script CMakeFiles/cmTC_ab966.dir/link.txt --verbose=1
/Applications/Xcode.app/Contents/Developer/Toolchains/XcodeDefault.xctoolchain/usr/bin/c++    -Wl,-search_paths_first -Wl,-headerpad_max_install_names   CMakeFiles/cmTC_ab966.dir/feature_tests.cxx.o  -o cmTC_ab966 

Cannot copy output executable
  '/Users/apaget/Documents/HumanGL++/CMakeFiles/CMakeTmp/cmTC_ab966'
to destination specified by COPY_FILE:
  '/Users/apaget/Documents/HumanGL++/CMakeFiles/feature_tests.bin'


Determining if the pthread_create exist failed with the following output:
Change Dir: /Users/apaget/Documents/HumanGL++/CMakeFiles/CMakeTmp

Run Build Command:"/usr/bin/make" "cmTC_94d01/fast"
/Applications/Xcode.app/Contents/Developer/usr/bin/make -f CMakeFiles/cmTC_94d01.dir/build.make CMakeFiles/cmTC_94d01.dir/build
Building C object CMakeFiles/cmTC_94d01.dir/CheckSymbolExists.c.o
/Applications/Xcode.app/Contents/Developer/Toolchains/XcodeDefault.xctoolchain/usr/bin/cc    -o CMakeFiles/cmTC_94d01.dir/CheckSymbolExists.c.o   -c /Users/apaget/Documents/HumanGL++/CMakeFiles/CMakeTmp/CheckSymbolExists.c
Linking C executable cmTC_94d01
/Users/apaget/.brew/Cellar/cmake/3.10.2/bin/cmake -E cmake_link_script CMakeFiles/cmTC_94d01.dir/link.txt --verbose=1
/Applications/Xcode.app/Contents/Developer/Toolchains/XcodeDefault.xctoolchain/usr/bin/cc   -Wl,-search_paths_first -Wl,-headerpad_max_install_names   CMakeFiles/cmTC_94d01.dir/CheckSymbolExists.c.o  -o cmTC_94d01 
ld: can't write to output file: cmTC_94d01, errno=28 for architecture x86_64
clang: error: linker command failed with exit code 1 (use -v to see invocation)
make[2]: *** [cmTC_94d01] Error 1
make[1]: *** [cmTC_94d01/fast] Error 2

File /Users/apaget/Documents/HumanGL++/CMakeFiles/CMakeTmp/CheckSymbolExists.c:
/* */
#include <pthread.h>

int main(int argc, char** argv)
{
  (void)argv;
#ifndef pthread_create
  return ((int*)(&pthread_create))[argc];
#else
  (void)argc;
  return 0;
#endif
}

Determining if the function pthread_create exists in the pthreads failed with the following output:
Change Dir: /Users/apaget/Documents/HumanGL++/CMakeFiles/CMakeTmp

Run Build Command:"/usr/bin/make" "cmTC_41b0e/fast"
/Applications/Xcode.app/Contents/Developer/usr/bin/make -f CMakeFiles/cmTC_41b0e.dir/build.make CMakeFiles/cmTC_41b0e.dir/build
Building C object CMakeFiles/cmTC_41b0e.dir/CheckFunctionExists.c.o
/Applications/Xcode.app/Contents/Developer/Toolchains/XcodeDefault.xctoolchain/usr/bin/cc   -DCHECK_FUNCTION_EXISTS=pthread_create   -o CMakeFiles/cmTC_41b0e.dir/CheckFunctionExists.c.o   -c /Users/apaget/.brew/Cellar/cmake/3.10.2/share/cmake/Modules/CheckFunctionExists.c
Linking C executable cmTC_41b0e
/Users/apaget/.brew/Cellar/cmake/3.10.2/bin/cmake -E cmake_link_script CMakeFiles/cmTC_41b0e.dir/link.txt --verbose=1
/Applications/Xcode.app/Contents/Developer/Toolchains/XcodeDefault.xctoolchain/usr/bin/cc  -DCHECK_FUNCTION_EXISTS=pthread_create -Wl,-search_paths_first -Wl,-headerpad_max_install_names   CMakeFiles/cmTC_41b0e.dir/CheckFunctionExists.c.o  -o cmTC_41b0e -lpthreads 
ld: library not found for -lpthreads
clang: error: linker command failed with exit code 1 (use -v to see invocation)
make[2]: *** [cmTC_41b0e] Error 1
make[1]: *** [cmTC_41b0e/fast] Error 2


Determining if the function pthread_create exists in the pthread failed with the following output:
Change Dir: /Users/apaget/Documents/HumanGL++/CMakeFiles/CMakeTmp

Run Build Command:"/usr/bin/make" "cmTC_558c2/fast"
/Applications/Xcode.app/Contents/Developer/usr/bin/make -f CMakeFiles/cmTC_558c2.dir/build.make CMakeFiles/cmTC_558c2.dir/build
Building C object CMakeFiles/cmTC_558c2.dir/CheckFunctionExists.c.o
/Applications/Xcode.app/Contents/Developer/Toolchains/XcodeDefault.xctoolchain/usr/bin/cc   -DCHECK_FUNCTION_EXISTS=pthread_create   -o CMakeFiles/cmTC_558c2.dir/CheckFunctionExists.c.o   -c /Users/apaget/.brew/Cellar/cmake/3.10.2/share/cmake/Modules/CheckFunctionExists.c
Linking C executable cmTC_558c2
/Users/apaget/.brew/Cellar/cmake/3.10.2/bin/cmake -E cmake_link_script CMakeFiles/cmTC_558c2.dir/link.txt --verbose=1
/Applications/Xcode.app/Contents/Developer/Toolchains/XcodeDefault.xctoolchain/usr/bin/cc  -DCHECK_FUNCTION_EXISTS=pthread_create -Wl,-search_paths_first -Wl,-headerpad_max_install_names   CMakeFiles/cmTC_558c2.dir/CheckFunctionExists.c.o  -o cmTC_558c2 -lpthread 
ld: can't write to output file: cmTC_558c2, errno=28 for architecture x86_64
clang: error: linker command failed with exit code 1 (use -v to see invocation)
make[2]: *** [cmTC_558c2] Error 1
make[1]: *** [cmTC_558c2/fast] Error 2


Determining if compiler accepts -pthread failed with the following output:
Change Dir: /Users/apaget/Documents/HumanGL++/CMakeFiles/CMakeTmp

Run Build Command:"/usr/bin/make" "cmTC_bf2c4/fast"
/Applications/Xcode.app/Contents/Developer/usr/bin/make -f CMakeFiles/cmTC_bf2c4.dir/build.make CMakeFiles/cmTC_bf2c4.dir/build
Building C object CMakeFiles/cmTC_bf2c4.dir/CheckForPthreads.c.o
/Applications/Xcode.app/Contents/Developer/Toolchains/XcodeDefault.xctoolchain/usr/bin/cc    -o CMakeFiles/cmTC_bf2c4.dir/CheckForPthreads.c.o   -c /Users/apaget/.brew/Cellar/cmake/3.10.2/share/cmake/Modules/CheckForPthreads.c
Linking C executable cmTC_bf2c4
/Users/apaget/.brew/Cellar/cmake/3.10.2/bin/cmake -E cmake_link_script CMakeFiles/cmTC_bf2c4.dir/link.txt --verbose=1
/Applications/Xcode.app/Contents/Developer/Toolchains/XcodeDefault.xctoolchain/usr/bin/cc   -Wl,-search_paths_first -Wl,-headerpad_max_install_names   CMakeFiles/cmTC_bf2c4.dir/CheckForPthreads.c.o  -o cmTC_bf2c4 -pthread 
clang: warning: argument unused during compilation: '-pthread' [-Wunused-command-line-argument]
ld: can't write to output file: cmTC_bf2c4, errno=28 for architecture x86_64
clang: error: linker command failed with exit code 1 (use -v to see invocation)
make[2]: *** [cmTC_bf2c4] Error 1
make[1]: *** [cmTC_bf2c4/fast] Error 2


